2015-10-02 12:06:32,087  WARN [ModalContext] - ScalaProject - Project progfun-example has platform default sourceLevel.
2015-10-02 12:06:32,089  WARN [ModalContext] - ScalaProject - Project progfun-example runs on platform default installation.
2015-10-02 12:06:32,465  WARN [ModalContext] - ScalaProject - Project progfun-example has platform default sourceLevel.
2015-10-02 12:06:32,465  WARN [ModalContext] - ScalaProject - Project progfun-example runs on platform default installation.
2015-10-02 12:06:32,720  WARN [Worker-1] - ScalaProject - Project progfun-example has platform default sourceLevel.
2015-10-02 12:06:32,721  WARN [Worker-1] - ScalaProject - Project progfun-example runs on platform default installation.
2015-10-02 12:06:32,774  WARN [main] - org.scala-ide.sdt.core - org.scala-ide.sdt.core - org.scala-ide.sdt.core - 0 - Preference scala.compiler.sourceLevel was uninitialized for progfun-example, setting default to 2.11.
2015-10-02 12:06:32,774  WARN [main] - org.scala-ide.sdt.core - org.scala-ide.sdt.core - org.scala-ide.sdt.core - 0 - Preference scala.compiler.installation was uninitialized for progfun-example, setting default to 2.11.
2015-10-02 12:39:41,385  WARN [ModalContext] - ScalaProject - Project funsets has platform default sourceLevel.
2015-10-02 12:39:41,385  WARN [ModalContext] - ScalaProject - Project funsets runs on platform default installation.
2015-10-02 12:39:41,416  WARN [ModalContext] - ScalaProject - Project funsets has platform default sourceLevel.
2015-10-02 12:39:41,416  WARN [ModalContext] - ScalaProject - Project funsets runs on platform default installation.
2015-10-02 12:39:41,535  WARN [Worker-22] - ScalaProject - Project funsets has platform default sourceLevel.
2015-10-02 12:39:41,535  WARN [Worker-22] - ScalaProject - Project funsets runs on platform default installation.
2015-10-02 12:39:41,547  WARN [Worker-22] - ScalaProject - Project funsets has platform default sourceLevel.
2015-10-02 12:39:41,547  WARN [Worker-22] - ScalaProject - Project funsets runs on platform default installation.
2015-10-02 12:39:41,561  WARN [Worker-22] - ScalaProject - Project funsets has platform default sourceLevel.
2015-10-02 12:39:41,561  WARN [Worker-22] - ScalaProject - Project funsets runs on platform default installation.
2015-10-02 12:39:41,608  WARN [Worker-22] - ScalaProject - Project funsets has platform default sourceLevel.
2015-10-02 12:39:41,608  WARN [Worker-22] - ScalaProject - Project funsets runs on platform default installation.
2015-10-02 12:41:23,117  WARN [ModalContext] - ScalaProject - Project funsets has platform default sourceLevel.
2015-10-02 12:41:23,117  WARN [ModalContext] - ScalaProject - Project funsets runs on platform default installation.
2015-10-02 12:41:23,142  WARN [ModalContext] - ScalaProject - Project funsets has platform default sourceLevel.
2015-10-02 12:41:23,142  WARN [ModalContext] - ScalaProject - Project funsets runs on platform default installation.
2015-10-02 13:01:30,717  WARN [org.scalaide.ui.internal.reconciliation.ScalaReconciler] - TraverserImpl$ - Skipping annotation, position length = 0, position offset = 3321
2015-10-02 13:01:30,718  WARN [org.scalaide.ui.internal.reconciliation.ScalaReconciler] - TraverserImpl$ - Skipping annotation, position length = 0, position offset = 3325
2015-10-02 13:01:30,719  WARN [org.scalaide.ui.internal.reconciliation.ScalaReconciler] - TraverserImpl$ - Skipping annotation, position length = 0, position offset = 3350
2015-10-02 13:01:31,816  WARN [org.scalaide.ui.internal.reconciliation.ScalaReconciler] - TraverserImpl$ - Skipping annotation, position length = 0, position offset = 3321
2015-10-02 13:01:31,817  WARN [org.scalaide.ui.internal.reconciliation.ScalaReconciler] - TraverserImpl$ - Skipping annotation, position length = 0, position offset = 3325
2015-10-02 13:01:35,169 ERROR [main] - org.scala-ide.sdt.core - org.scala-ide.sdt.core - org.scala-ide.sdt.core - 0 - Throwable during asyncExec
scala.reflect.internal.FatalError: ThisType(value <local FunSetSuite>) for sym which is not a class
	at scala.reflect.internal.Reporting$class.abort(Reporting.scala:59)
	at scala.reflect.internal.SymbolTable.abort(SymbolTable.scala:16)
	at scala.reflect.internal.Types$ThisType.<init>(Types.scala:1167)
	at scala.reflect.internal.Types$UniqueThisType.<init>(Types.scala:1187)
	at scala.reflect.internal.Types$ThisType$.apply(Types.scala:1191)
	at scala.tools.nsc.interactive.Global.scala$tools$nsc$interactive$Global$$findMirrorSymbol(Global.scala:873)
	at scala.tools.nsc.interactive.Global$$anonfun$getDocComment$2$$anonfun$apply$16$$anonfun$apply$18.apply(Global.scala:946)
	at scala.tools.nsc.interactive.Global$$anonfun$getDocComment$2$$anonfun$apply$16$$anonfun$apply$18.apply(Global.scala:945)
	at scala.collection.TraversableLike$WithFilter$$anonfun$foreach$1.apply(TraversableLike.scala:778)
	at scala.collection.immutable.List.foreach(List.scala:381)
	at scala.collection.TraversableLike$WithFilter.foreach(TraversableLike.scala:777)
	at scala.tools.nsc.interactive.Global$$anonfun$getDocComment$2$$anonfun$apply$16.apply(Global.scala:945)
	at scala.tools.nsc.interactive.Global$$anonfun$getDocComment$2$$anonfun$apply$16.apply(Global.scala:944)
	at scala.tools.nsc.interactive.Global.scala$tools$nsc$interactive$Global$$withTempUnits(Global.scala:853)
	at scala.tools.nsc.interactive.Global$$anonfun$getDocComment$2.apply(Global.scala:944)
	at scala.tools.nsc.interactive.Global$$anonfun$getDocComment$2.apply(Global.scala:944)
	at scala.tools.nsc.interactive.Global$$anonfun$respond$1.apply(Global.scala:699)
	at scala.tools.nsc.interactive.Global$$anonfun$respond$1.apply(Global.scala:699)
	at scala.tools.nsc.interactive.Global.respondGradually(Global.scala:706)
	at scala.tools.nsc.interactive.Global.respond(Global.scala:699)
	at scala.tools.nsc.interactive.Global.getDocComment(Global.scala:943)
	at scala.tools.nsc.interactive.CompilerControl$AskDocCommentItem.apply$mcV$sp(CompilerControl.scala:376)
	at scala.tools.nsc.interactive.Global$$anonfun$pollForWork$1.apply$mcV$sp(Global.scala:504)
	at scala.util.control.Breaks.breakable(Breaks.scala:38)
	at scala.tools.nsc.interactive.Global.pollForWork(Global.scala:429)
	at scala.tools.nsc.interactive.PresentationCompilerThread.run(PresentationCompilerThread.scala:22)
2015-10-02 13:03:39,534 ERROR [Text Viewer Hover Presenter] - IScalaPresentationCompiler$ - Ignoring InterruptException
2015-10-02 13:03:39,535 ERROR [Text Viewer Hover Presenter] - IScalaPresentationCompiler$ - Ignoring InterruptException
2015-10-02 13:03:39,535 ERROR [Text Viewer Hover Presenter] - IScalaPresentationCompiler$ - Ignoring InterruptException
2015-10-02 13:04:12,695 ERROR [Text Viewer Hover Presenter] - IScalaPresentationCompiler$ - Ignoring InterruptException
2015-10-02 13:04:12,696 ERROR [Text Viewer Hover Presenter] - IScalaPresentationCompiler$ - Ignoring InterruptException
2015-10-02 13:04:12,696 ERROR [Text Viewer Hover Presenter] - IScalaPresentationCompiler$ - Ignoring InterruptException
2015-10-02 13:05:24,348 ERROR [Text Viewer Hover Presenter] - IScalaPresentationCompiler$ - Ignoring InterruptException
2015-10-02 13:05:24,349 ERROR [Text Viewer Hover Presenter] - IScalaPresentationCompiler$ - Ignoring InterruptException
2015-10-02 13:05:24,349 ERROR [Text Viewer Hover Presenter] - IScalaPresentationCompiler$ - Ignoring InterruptException
2015-10-02 13:14:41,381 ERROR [Worker-59] - System.err - SLF4J: Failed to load class "org.slf4j.impl.StaticLoggerBinder".
2015-10-02 13:14:41,382 ERROR [Worker-59] - System.err - SLF4J: Defaulting to no-operation (NOP) logger implementation
2015-10-02 13:14:41,382 ERROR [Worker-59] - System.err - SLF4J: See http://www.slf4j.org/codes.html#StaticLoggerBinder for further details.
2015-10-02 13:20:49,883 ERROR [Text Viewer Hover Presenter] - IScalaPresentationCompiler$ - Ignoring InterruptException
2015-10-02 13:20:49,959 ERROR [Text Viewer Hover Presenter] - IScalaPresentationCompiler$ - Ignoring InterruptException
2015-10-02 13:20:49,959 ERROR [Text Viewer Hover Presenter] - IScalaPresentationCompiler$ - Ignoring InterruptException
2015-10-02 13:20:49,960 ERROR [Text Viewer Hover Presenter] - IScalaPresentationCompiler$ - Ignoring InterruptException
2015-10-02 13:22:19,532  WARN [org.scalaide.ui.internal.reconciliation.ScalaReconciler] - TraverserImpl$ - Skipping annotation, position length = 0, position offset = 1650
2015-10-02 13:27:22,736 ERROR [Text Viewer Hover Presenter] - IScalaPresentationCompiler$ - Ignoring InterruptException
2015-10-02 13:27:22,736 ERROR [Text Viewer Hover Presenter] - IScalaPresentationCompiler$ - Ignoring InterruptException
2015-10-02 13:27:22,736 ERROR [Text Viewer Hover Presenter] - IScalaPresentationCompiler$ - Ignoring InterruptException
2015-10-02 13:44:03,275 ERROR [Text Viewer Hover Presenter] - IScalaPresentationCompiler$ - Ignoring InterruptException
2015-10-02 13:44:03,276 ERROR [Text Viewer Hover Presenter] - IScalaPresentationCompiler$ - Ignoring InterruptException
2015-10-02 13:44:03,276 ERROR [Text Viewer Hover Presenter] - IScalaPresentationCompiler$ - Ignoring InterruptException
2015-10-02 13:44:58,869 ERROR [Text Viewer Hover Presenter] - IScalaPresentationCompiler$ - Ignoring InterruptException
2015-10-02 13:44:58,869 ERROR [Text Viewer Hover Presenter] - IScalaPresentationCompiler$ - Ignoring InterruptException
2015-10-02 13:44:58,869 ERROR [Text Viewer Hover Presenter] - IScalaPresentationCompiler$ - Ignoring InterruptException
2015-10-02 13:49:19,207  WARN [org.scalaide.ui.internal.reconciliation.ScalaReconciler] - TraverserImpl$ - Skipping annotation, position length = 0, position offset = 4609
2015-10-02 13:49:19,208  WARN [org.scalaide.ui.internal.reconciliation.ScalaReconciler] - TraverserImpl$ - Skipping annotation, position length = 0, position offset = 4613
2015-10-02 14:23:43,644 ERROR [Text Viewer Hover Presenter] - IScalaPresentationCompiler$ - Ignoring InterruptException
2015-10-02 14:23:43,645 ERROR [Text Viewer Hover Presenter] - IScalaPresentationCompiler$ - Ignoring InterruptException
2015-10-02 14:23:43,645 ERROR [Text Viewer Hover Presenter] - IScalaPresentationCompiler$ - Ignoring InterruptException
2015-10-02 14:25:17,734 ERROR [Text Viewer Hover Presenter] - IScalaPresentationCompiler$ - Ignoring InterruptException
2015-10-02 14:25:17,734 ERROR [Text Viewer Hover Presenter] - IScalaPresentationCompiler$ - Ignoring InterruptException
2015-10-02 14:25:17,734 ERROR [Text Viewer Hover Presenter] - IScalaPresentationCompiler$ - Ignoring InterruptException
2015-10-08 15:25:48,882  WARN [main] - org.scala-ide.sdt.core - org.scala-ide.sdt.core - org.scala-ide.sdt.core - 0 - Preference scala.compiler.sourceLevel was uninitialized for progfun-example, setting default to 2.11.
2015-10-08 15:25:48,883  WARN [main] - org.scala-ide.sdt.core - org.scala-ide.sdt.core - org.scala-ide.sdt.core - 0 - Preference scala.compiler.installation was uninitialized for progfun-example, setting default to 2.11.
2015-10-09 13:53:09,891  WARN [org.scalaide.ui.internal.reconciliation.ScalaReconciler] - TraverserImpl$ - Skipping annotation, position length = 0, position offset = 4188
2015-10-09 13:53:10,957  WARN [org.scalaide.ui.internal.reconciliation.ScalaReconciler] - TraverserImpl$ - Skipping annotation, position length = 0, position offset = 4188
